# JRE version: OpenJDK Runtime Environment (8.0_242-b01) (build 1.8.0_242-release-1644-b01)
# Java VM: OpenJDK 64-Bit Server VM (25.242-b01 mixed mode windows-amd64 compressed oops)
Heap:
 PSYoungGen      total 484352K, used 292548K [0x00000000e0000000, 0x0000000100000000, 0x0000000100000000)
  eden space 454656K, 64% used [0x00000000e0000000,0x00000000f1db1218,0x00000000fbc00000)
  from space 29696K, 0% used [0x00000000fbc00000,0x00000000fbc00000,0x00000000fd900000)
  to   space 38400K, 0% used [0x00000000fda80000,0x00000000fda80000,0x0000000100000000)
 ParOldGen       total 189440K, used 81059K [0x00000000a0000000, 0x00000000ab900000, 0x00000000e0000000)
  object space 189440K, 42% used [0x00000000a0000000,0x00000000a4f28e08,0x00000000ab900000)
 Metaspace       used 94223K, capacity 98942K, committed 99276K, reserved 1134592K
  class space    used 12321K, capacity 13177K, committed 13312K, reserved 1048576K
GC Heap History (10 events):
Event: 22.076 GC heap before
{Heap before GC invocations=11 (full 2):
 PSYoungGen      total 419840K, used 129940K [0x00000000e0000000, 0x00000000fb600000, 0x0000000100000000)
  eden space 404992K, 28% used [0x00000000e0000000,0x00000000e7067138,0x00000000f8b80000)
  from space 14848K, 99% used [0x00000000fa780000,0x00000000fb5fe220,0x00000000fb600000)
  to   space 19456K, 0% used [0x00000000f9000000,0x00000000f9000000,0x00000000fa300000)
 ParOldGen       total 74240K, used 20389K [0x00000000a0000000, 0x00000000a4880000, 0x00000000e0000000)
  object space 74240K, 27% used [0x00000000a0000000,0x00000000a13e9558,0x00000000a4880000)
 Metaspace       used 56738K, capacity 59018K, committed 59028K, reserved 1099776K
  class space    used 7720K, capacity 8186K, committed 8192K, reserved 1048576K
Event: 22.172 GC heap after
Heap after GC invocations=11 (full 2):
 PSYoungGen      total 429056K, used 19436K [0x00000000e0000000, 0x0000000100000000, 0x0000000100000000)
  eden space 409600K, 0% used [0x00000000e0000000,0x00000000e0000000,0x00000000f9000000)
  from space 19456K, 99% used [0x00000000f9000000,0x00000000fa2fb1c8,0x00000000fa300000)
  to   space 24064K, 0% used [0x00000000fe880000,0x00000000fe880000,0x0000000100000000)
 ParOldGen       total 74240K, used 24271K [0x00000000a0000000, 0x00000000a4880000, 0x00000000e0000000)
  object space 74240K, 32% used [0x00000000a0000000,0x00000000a17b3c00,0x00000000a4880000)
 Metaspace       used 56738K, capacity 59018K, committed 59028K, reserved 1099776K
  class space    used 7720K, capacity 8186K, committed 8192K, reserved 1048576K
}
Event: 22.172 GC heap before
{Heap before GC invocations=12 (full 3):
 PSYoungGen      total 429056K, used 19436K [0x00000000e0000000, 0x0000000100000000, 0x0000000100000000)
  eden space 409600K, 0% used [0x00000000e0000000,0x00000000e0000000,0x00000000f9000000)
  from space 19456K, 99% used [0x00000000f9000000,0x00000000fa2fb1c8,0x00000000fa300000)
  to   space 24064K, 0% used [0x00000000fe880000,0x00000000fe880000,0x0000000100000000)
 ParOldGen       total 74240K, used 24271K [0x00000000a0000000, 0x00000000a4880000, 0x00000000e0000000)
  object space 74240K, 32% used [0x00000000a0000000,0x00000000a17b3c00,0x00000000a4880000)
 Metaspace       used 56738K, capacity 59018K, committed 59028K, reserved 1099776K
  class space    used 7720K, capacity 8186K, committed 8192K, reserved 1048576K
Event: 22.536 GC heap after
Heap after GC invocations=12 (full 3):
 PSYoungGen      total 429056K, used 0K [0x00000000e0000000, 0x0000000100000000, 0x0000000100000000)
  eden space 409600K, 0% used [0x00000000e0000000,0x00000000e0000000,0x00000000f9000000)
  from space 19456K, 0% used [0x00000000f9000000,0x00000000f9000000,0x00000000fa300000)
  to   space 24064K, 0% used [0x00000000fe880000,0x00000000fe880000,0x0000000100000000)
 ParOldGen       total 111104K, used 35217K [0x00000000a0000000, 0x00000000a6c80000, 0x00000000e0000000)
  object space 111104K, 31% used [0x00000000a0000000,0x00000000a2264668,0x00000000a6c80000)
 Metaspace       used 56738K, capacity 59018K, committed 59028K, reserved 1099776K
  class space    used 7720K, capacity 8186K, committed 8192K, reserved 1048576K
}
Event: 44.457 GC heap before
{Heap before GC invocations=13 (full 3):
 PSYoungGen      total 429056K, used 409600K [0x00000000e0000000, 0x0000000100000000, 0x0000000100000000)
  eden space 409600K, 100% used [0x00000000e0000000,0x00000000f9000000,0x00000000f9000000)
  from space 19456K, 0% used [0x00000000f9000000,0x00000000f9000000,0x00000000fa300000)
  to   space 24064K, 0% used [0x00000000fe880000,0x00000000fe880000,0x0000000100000000)
 ParOldGen       total 111104K, used 35217K [0x00000000a0000000, 0x00000000a6c80000, 0x00000000e0000000)
  object space 111104K, 31% used [0x00000000a0000000,0x00000000a2264668,0x00000000a6c80000)
 Metaspace       used 77227K, capacity 80496K, committed 80600K, reserved 1118208K
  class space    used 10331K, capacity 10944K, committed 11008K, reserved 1048576K
Event: 44.628 GC heap after
Heap after GC invocations=13 (full 3):
 PSYoungGen      total 478720K, used 24039K [0x00000000e0000000, 0x0000000100000000, 0x0000000100000000)
  eden space 454656K, 0% used [0x00000000e0000000,0x00000000e0000000,0x00000000fbc00000)
  from space 24064K, 99% used [0x00000000fe880000,0x00000000ffff9e08,0x0000000100000000)
  to   space 34816K, 0% used [0x00000000fbc00000,0x00000000fbc00000,0x00000000fde00000)
 ParOldGen       total 111104K, used 54785K [0x00000000a0000000, 0x00000000a6c80000, 0x00000000e0000000)
  object space 111104K, 49% used [0x00000000a0000000,0x00000000a3580420,0x00000000a6c80000)
 Metaspace       used 77227K, capacity 80496K, committed 80600K, reserved 1118208K
  class space    used 10331K, capacity 10944K, committed 11008K, reserved 1048576K
}
Event: 836.711 GC heap before
{Heap before GC invocations=14 (full 3):
 PSYoungGen      total 478720K, used 477973K [0x00000000e0000000, 0x0000000100000000, 0x0000000100000000)
  eden space 454656K, 99% used [0x00000000e0000000,0x00000000fbb4b640,0x00000000fbc00000)
  from space 24064K, 99% used [0x00000000fe880000,0x00000000ffff9e08,0x0000000100000000)
  to   space 34816K, 0% used [0x00000000fbc00000,0x00000000fbc00000,0x00000000fde00000)
 ParOldGen       total 111104K, used 54785K [0x00000000a0000000, 0x00000000a6c80000, 0x00000000e0000000)
  object space 111104K, 49% used [0x00000000a0000000,0x00000000a3580420,0x00000000a6c80000)
 Metaspace       used 93867K, capacity 98330K, committed 98380K, reserved 1134592K
  class space    used 12345K, capacity 13177K, committed 13184K, reserved 1048576K
Event: 836.863 GC heap after
Heap after GC invocations=14 (full 3):
 PSYoungGen      total 484352K, used 29412K [0x00000000e0000000, 0x0000000100000000, 0x0000000100000000)
  eden space 454656K, 0% used [0x00000000e0000000,0x00000000e0000000,0x00000000fbc00000)
  from space 29696K, 99% used [0x00000000fbc00000,0x00000000fd8b9090,0x00000000fd900000)
  to   space 38400K, 0% used [0x00000000fda80000,0x00000000fda80000,0x0000000100000000)
 ParOldGen       total 111104K, used 77132K [0x00000000a0000000, 0x00000000a6c80000, 0x00000000e0000000)
  object space 111104K, 69% used [0x00000000a0000000,0x00000000a4b53250,0x00000000a6c80000)
 Metaspace       used 93867K, capacity 98330K, committed 98380K, reserved 1134592K
  class space    used 12345K, capacity 13177K, committed 13184K, reserved 1048576K
}
Event: 836.863 GC heap before
{Heap before GC invocations=15 (full 4):
 PSYoungGen      total 484352K, used 29412K [0x00000000e0000000, 0x0000000100000000, 0x0000000100000000)
  eden space 454656K, 0% used [0x00000000e0000000,0x00000000e0000000,0x00000000fbc00000)
  from space 29696K, 99% used [0x00000000fbc00000,0x00000000fd8b9090,0x00000000fd900000)
  to   space 38400K, 0% used [0x00000000fda80000,0x00000000fda80000,0x0000000100000000)
 ParOldGen       total 111104K, used 77132K [0x00000000a0000000, 0x00000000a6c80000, 0x00000000e0000000)
  object space 111104K, 69% used [0x00000000a0000000,0x00000000a4b53250,0x00000000a6c80000)
 Metaspace       used 93867K, capacity 98330K, committed 98380K, reserved 1134592K
  class space    used 12345K, capacity 13177K, committed 13184K, reserved 1048576K
Event: 837.417 GC heap after
Heap after GC invocations=15 (full 4):
 PSYoungGen      total 484352K, used 0K [0x00000000e0000000, 0x0000000100000000, 0x0000000100000000)
  eden space 454656K, 0% used [0x00000000e0000000,0x00000000e0000000,0x00000000fbc00000)
  from space 29696K, 0% used [0x00000000fbc00000,0x00000000fbc00000,0x00000000fd900000)
  to   space 38400K, 0% used [0x00000000fda80000,0x00000000fda80000,0x0000000100000000)
 ParOldGen       total 189440K, used 81059K [0x00000000a0000000, 0x00000000ab900000, 0x00000000e0000000)
  object space 189440K, 42% used [0x00000000a0000000,0x00000000a4f28e08,0x00000000ab900000)
 Metaspace       used 92975K, capacity 97348K, committed 98380K, reserved 1134592K
  class space    used 12247K, capacity 13064K, committed 13184K, reserved 1048576K
}

